1605957197.643507 client started (2600472): version 3.0a, socket /tmp/tmux-1000/default, protocol 8
1605957197.643526 on Linux 5.4.0-33-generic #37-Ubuntu SMP Thu May 21 12:53:59 UTC 2020; libevent 2.1.11-stable (poll)
1605957197.643538 socket is /tmp/tmux-1000/default
1605957197.643547 trying connect
1605957197.643629 add peer 0x556b2dd72880: 6 ((nil))
1605957197.643678 sending message 100 to peer 0x556b2dd72880 (4 bytes)
1605957197.643682 sending message 101 to peer 0x556b2dd72880 (6 bytes)
1605957197.643685 sending message 102 to peer 0x556b2dd72880 (11 bytes)
1605957197.643687 sending message 108 to peer 0x556b2dd72880 (20 bytes)
1605957197.643690 sending message 104 to peer 0x556b2dd72880 (0 bytes)
1605957197.643693 sending message 107 to peer 0x556b2dd72880 (4 bytes)
1605957197.643695 sending message 105 to peer 0x556b2dd72880 (15 bytes)
1605957197.643698 sending message 105 to peer 0x556b2dd72880 (18 bytes)
1605957197.643700 sending message 105 to peer 0x556b2dd72880 (21 bytes)
1605957197.643703 sending message 105 to peer 0x556b2dd72880 (334 bytes)
1605957197.643707 sending message 105 to peer 0x556b2dd72880 (19 bytes)
1605957197.643709 sending message 105 to peer 0x556b2dd72880 (11 bytes)
1605957197.643711 sending message 105 to peer 0x556b2dd72880 (19 bytes)
1605957197.643714 sending message 105 to peer 0x556b2dd72880 (31 bytes)
1605957197.643716 sending message 105 to peer 0x556b2dd72880 (54 bytes)
1605957197.643718 sending message 105 to peer 0x556b2dd72880 (21 bytes)
1605957197.643721 sending message 105 to peer 0x556b2dd72880 (23 bytes)
1605957197.643723 sending message 105 to peer 0x556b2dd72880 (15 bytes)
1605957197.643725 sending message 105 to peer 0x556b2dd72880 (35 bytes)
1605957197.643727 sending message 105 to peer 0x556b2dd72880 (53 bytes)
1605957197.643730 sending message 105 to peer 0x556b2dd72880 (19 bytes)
1605957197.643732 sending message 105 to peer 0x556b2dd72880 (8 bytes)
1605957197.643734 sending message 105 to peer 0x556b2dd72880 (24 bytes)
1605957197.643737 sending message 105 to peer 0x556b2dd72880 (23 bytes)
1605957197.643739 sending message 105 to peer 0x556b2dd72880 (12 bytes)
1605957197.643741 sending message 105 to peer 0x556b2dd72880 (11 bytes)
1605957197.643743 sending message 105 to peer 0x556b2dd72880 (34 bytes)
1605957197.643746 sending message 105 to peer 0x556b2dd72880 (16 bytes)
1605957197.643748 sending message 105 to peer 0x556b2dd72880 (15 bytes)
1605957197.643750 sending message 105 to peer 0x556b2dd72880 (36 bytes)
1605957197.643754 sending message 105 to peer 0x556b2dd72880 (43 bytes)
1605957197.643756 sending message 105 to peer 0x556b2dd72880 (16 bytes)
1605957197.643759 sending message 105 to peer 0x556b2dd72880 (10 bytes)
1605957197.643761 sending message 105 to peer 0x556b2dd72880 (17 bytes)
1605957197.643763 sending message 105 to peer 0x556b2dd72880 (16 bytes)
1605957197.643765 sending message 106 to peer 0x556b2dd72880 (0 bytes)
1605957197.643771 sending message 200 to peer 0x556b2dd72880 (4 bytes)
1605957197.643773 client loop enter
1605957197.644808 peer 0x556b2dd72880 message 207
1605957197.644814 sending message 208 to peer 0x556b2dd72880 (0 bytes)
1605957200.722835 peer 0x556b2dd72880 message 203
1605957200.722848 sending message 205 to peer 0x556b2dd72880 (0 bytes)
1605957200.723089 peer 0x556b2dd72880 message 204
1605957200.723094 client loop exit
